<?xml version="1.0" encoding="UTF-8"?>
<!-- Generated by org.testng.reporters.JUnitReportReporter -->
<testsuite hostname="LAPTOP-AVB2L64G" failures="0" tests="1" name="Perfomanceexperts.testng.Parallelexecutrion" time="7.975" errors="0" timestamp="2023-12-28T21:37:20 IST" skipped="0">
  <testcase classname="Perfomanceexperts.testng.Parallelexecutrion" name="invokechrome" time="7.975"/>
</testsuite> <!-- Perfomanceexperts.testng.Parallelexecutrion -->
