<?xml version="1.0" encoding="UTF-8"?>
<!-- Generated by org.testng.reporters.JUnitReportReporter -->
<testsuite hostname="LAPTOP-AVB2L64G" failures="0" tests="1" name="Perfomanceexperts.testng.Parameterizationeg" time="0.010" errors="0" timestamp="2023-12-29T21:48:47 IST" skipped="0">
  <testcase classname="Perfomanceexperts.testng.Parameterizationeg" name="paramterizedmethod" time="0.010"/>
</testsuite> <!-- Perfomanceexperts.testng.Parameterizationeg -->
