<?xml version="1.0" encoding="UTF-8"?>
<!-- Generated by org.testng.reporters.JUnitReportReporter -->
<testsuite hostname="LAPTOP-AVB2L64G" failures="0" tests="10" name="Perfomanceexperts.testng.AnnotationsEg" time="0.060" errors="0" timestamp="2023-12-29T21:41:40 IST" skipped="0">
  <testcase classname="Perfomanceexperts.testng.AnnotationsEg" name="aftertestmethod" time="0.005"/>
  <testcase classname="Perfomanceexperts.testng.AnnotationsEg" name="beforemethod" time="0.006"/>
  <testcase classname="Perfomanceexperts.testng.AnnotationsEg" name="beforesuitemethod" time="0.003"/>
  <testcase classname="Perfomanceexperts.testng.AnnotationsEg" name="beforeclassmethod" time="0.005"/>
  <testcase classname="Perfomanceexperts.testng.AnnotationsEg" name="aftersuitemethod" time="0.004"/>
  <testcase classname="Perfomanceexperts.testng.AnnotationsEg" name="beforetestmethod" time="0.004"/>
  <testcase classname="Perfomanceexperts.testng.AnnotationsEg" name="aftermethod" time="0.004"/>
  <testcase classname="Perfomanceexperts.testng.AnnotationsEg" name="afterclassmethod" time="0.012"/>
  <testcase classname="Perfomanceexperts.testng.AnnotationsEg" name="testcase2" time="0.009"/>
  <testcase classname="Perfomanceexperts.testng.AnnotationsEg" name="testcase1" time="0.008"/>
</testsuite> <!-- Perfomanceexperts.testng.AnnotationsEg -->
