<?xml version="1.0" encoding="UTF-8"?>
<!-- Generated by org.testng.reporters.JUnitReportReporter -->
<testsuite hostname="LAPTOP-AVB2L64G" failures="0" tests="2" name="Perfomanceexperts.testng.DependsOnMethods" time="0.012" errors="0" timestamp="2023-12-29T21:48:47 IST" skipped="0">
  <testcase classname="Perfomanceexperts.testng.DependsOnMethods" name="login" time="0.010"/>
  <testcase classname="Perfomanceexperts.testng.DependsOnMethods" name="AddToCart" time="0.002"/>
</testsuite> <!-- Perfomanceexperts.testng.DependsOnMethods -->
