<?xml version="1.0" encoding="UTF-8"?>
<!-- Generated by org.testng.reporters.JUnitReportReporter -->
<testsuite hostname="LAPTOP-AVB2L64G" failures="0" tests="1" name="Perfomanceexperts.testng.Parallel1" time="22.476" errors="0" timestamp="2023-12-28T21:37:20 IST" skipped="0">
  <testcase classname="Perfomanceexperts.testng.Parallel1" name="invokeff" time="22.476"/>
</testsuite> <!-- Perfomanceexperts.testng.Parallel1 -->
