<?xml version="1.0" encoding="UTF-8"?>
<!-- Generated by org.testng.reporters.JUnitReportReporter -->
<testsuite hostname="LAPTOP-AVB2L64G" failures="0" tests="1" name="Perfomanceexperts.testng.groupingtestcases" time="4.761" errors="0" timestamp="2023-12-28T21:20:41 IST" skipped="0">
  <testcase classname="Perfomanceexperts.testng.groupingtestcases" name="browsercommands" time="4.761"/>
</testsuite> <!-- Perfomanceexperts.testng.groupingtestcases -->
