<?xml version="1.0" encoding="UTF-8"?>
<!-- Generated by org.testng.reporters.JUnitReportReporter -->
<testsuite hostname="LAPTOP-AVB2L64G" failures="0" tests="2" name="Perfomanceexperts.testng.DependsOnMethods" time="0.009" errors="0" timestamp="2023-12-29T22:25:05 IST" skipped="0">
  <testcase classname="Perfomanceexperts.testng.DependsOnMethods" name="login" time="0.008"/>
  <system-out/>
  <testcase classname="Perfomanceexperts.testng.DependsOnMethods" name="AddToCart" time="0.001"/>
  <system-out/>
</testsuite> <!-- Perfomanceexperts.testng.DependsOnMethods -->
